<?xml version='1.0' encoding='UTF-8'?>
<testsuite hostname="timanfaya.inf.ed.ac.uk" name="imdb.ImdbSparkTest" tests="4" errors="0" failures="0" skipped="0" time="3.566" timestamp="2024-11-21T19:54:28">
          <properties>
      <property name="jline.esc.timeout" value="0"/><property name="jna.platform.library.path" value="/usr/lib/x86_64-linux-gnu:/lib/x86_64-linux-gnu:/usr/lib64:/lib64:/usr/lib:/lib:/lib32:/opt/nrf-command-line-tools/lib:/usr/lib64/digilent/adept:/usr/lib/x86_64-linux-gnu/libfakeroot"/><property name="java.runtime.name" value="OpenJDK Runtime Environment"/><property name="sun.boot.library.path" value="/afs/inf.ed.ac.uk/user/s22/s2210057/java8/jre/lib/amd64"/><property name="java.vm.version" value="25.392-b08"/><property name="java.vm.vendor" value="Temurin"/><property name="java.vendor.url" value="https://adoptium.net/"/><property name="path.separator" value=":"/><property name="jna.loaded" value="true"/><property name="java.vm.name" value="OpenJDK 64-Bit Server VM"/><property name="file.encoding.pkg" value="sun.io"/><property name="user.country" value="GB"/><property name="sun.java.launcher" value="SUN_STANDARD"/><property name="sun.os.patch.level" value="unknown"/><property name="jna.nosys" value="true"/><property name="java.vm.specification.name" value="Java Virtual Machine Specification"/><property name="user.dir" value="/afs/inf.ed.ac.uk/user/s22/s2210057/Desktop/PDSS/CW2-Template"/><property name="java.runtime.version" value="1.8.0_392-b08"/><property name="java.awt.graphicsenv" value="sun.awt.X11GraphicsEnvironment"/><property name="java.endorsed.dirs" value="/afs/inf.ed.ac.uk/user/s22/s2210057/java8/jre/lib/endorsed"/><property name="os.arch" value="amd64"/><property name="java.io.tmpdir" value="/tmp"/><property name="line.separator" value="
"/><property name="java.vm.specification.vendor" value="Oracle Corporation"/><property name="log4j.ignoreTCL" value="true"/><property name="os.name" value="Linux"/><property name="sun.jnu.encoding" value="UTF-8"/><property name="jnidispatch.path" value="/afs/inf.ed.ac.uk/user/s22/s2210057/.cache/JNA/temp/jna6787737608975556439.tmp"/><property name="jetty.git.hash" value="b881a572662e1943a14ae12e7e1207989f218b74"/><property name="java.library.path" value="/usr/java/packages/lib/amd64:/usr/lib64:/lib64:/lib:/usr/lib"/><property name="sun.nio.ch.bugLevel" value=""/><property name="java.specification.name" value="Java Platform API Specification"/><property name="java.class.version" value="52.0"/><property name="sbt.ipcsocket.tmpdir" value="/run/user/2574990/.sbte389d05b/ipcsocket"/><property name="sun.management.compiler" value="HotSpot 64-Bit Tiered Compilers"/><property name="os.version" value="5.15.0-119-generic"/><property name="swoval.tmpdir" value="/run/user/2574990/.sbte389d05b/swoval"/><property name="user.home" value="/afs/inf.ed.ac.uk/user/s22/s2210057"/><property name="user.timezone" value="Europe/London"/><property name="java.awt.printerjob" value="sun.print.PSPrinterJob"/><property name="file.encoding" value="UTF-8"/><property name="java.specification.version" value="1.8"/><property name="java.class.path" value="/afs/inf.ed.ac.uk/user/s22/s2210057/.cache/sbt/boot/sbt-launch/1.9.6/sbt-launch-1.9.6.jar"/><property name="user.name" value="s2210057"/><property name="jline.shutdownhook" value="false"/><property name="java.vm.specification.version" value="1.8"/><property name="sun.java.command" value="/afs/inf.ed.ac.uk/user/s22/s2210057/.cache/sbt/boot/sbt-launch/1.9.6/sbt-launch-1.9.6.jar"/><property name="java.home" value="/afs/inf.ed.ac.uk/user/s22/s2210057/java8/jre"/><property name="sun.arch.data.model" value="64"/><property name="user.language" value="en"/><property name="java.specification.vendor" value="Oracle Corporation"/><property name="awt.toolkit" value="sun.awt.X11.XToolkit"/><property name="java.vm.info" value="mixed mode"/><property name="java.version" value="1.8.0_392"/><property name="java.ext.dirs" value="/afs/inf.ed.ac.uk/user/s22/s2210057/java8/jre/lib/ext:/usr/java/packages/lib/ext"/><property name="sun.boot.class.path" value="/afs/inf.ed.ac.uk/user/s22/s2210057/java8/jre/lib/resources.jar:/afs/inf.ed.ac.uk/user/s22/s2210057/java8/jre/lib/rt.jar:/afs/inf.ed.ac.uk/user/s22/s2210057/java8/jre/lib/sunrsasign.jar:/afs/inf.ed.ac.uk/user/s22/s2210057/java8/jre/lib/jsse.jar:/afs/inf.ed.ac.uk/user/s22/s2210057/java8/jre/lib/jce.jar:/afs/inf.ed.ac.uk/user/s22/s2210057/java8/jre/lib/charsets.jar:/afs/inf.ed.ac.uk/user/s22/s2210057/java8/jre/lib/jfr.jar:/afs/inf.ed.ac.uk/user/s22/s2210057/java8/jre/classes"/><property name="java.vendor" value="Temurin"/><property name="java.specification.maintenance.version" value="5"/><property name="file.separator" value="/"/><property name="java.vendor.url.bug" value="https://github.com/adoptium/adoptium-support/issues"/><property name="sun.io.unicode.encoding" value="UnicodeLittle"/><property name="sun.cpu.endian" value="little"/><property name="sbt.script" value="/usr/bin/sbt"/><property name="sun.cpu.isalist" value=""/>
    </properties>
          <testcase classname="imdb.ImdbSparkTest" name="Task1: Genre Growth Analysis should find the correct top 5 genres with growth" time="0.533">
                      
                    </testcase><testcase classname="imdb.ImdbSparkTest" name="Task2: Genre Ratings by Decade should calculate correct weighted averages per decade" time="1.261">
                      
                    </testcase><testcase classname="imdb.ImdbSparkTest" name="Task3: Top Directors should find directors with highest rated films" time="0.876">
                      
                    </testcase><testcase classname="imdb.ImdbSparkTest" name="Task4: Prolific Crew Members should identify top contributors across time periods and sort alphabetically when counts are the same" time="0.896">
                      
                    </testcase>
          <system-out><![CDATA[]]></system-out>
          <system-err><![CDATA[]]></system-err>
        </testsuite>